<?xml version="1.0" encoding="UTF-8"?>
<!-- Generated by org.testng.reporters.JUnitXMLReporter -->
<testsuite ignored="2" hostname="Krishnanunnis-MacBook-Pro.local" failures="2" tests="19" name="Test" time="14.463" errors="0" timestamp="2022-07-24T12:04:25 IST">
  <testcase classname="com.Qalegendproject.Scripts.TestBase" name="@AfterMethod takeScreenShotOnFailure" time="0.005">
    <failure type="org.openqa.selenium.NoSuchWindowException" message="no such window: target window already closed
from unknown error: web view not found
  (Session info: chrome=103.0.5060.134)
Build info: version: &amp;apos;3.141.59&amp;apos;, revision: &amp;apos;e82be7d358&amp;apos;, time: &amp;apos;2018-11-14T08:17:03&amp;apos;
System info: host: &amp;apos;Krishnanunnis-MacBook-Pro.local&amp;apos;, ip: &amp;apos;2405:201:f008:a09e:5960:c554:aab8:7889%en0&amp;apos;, os.name: &amp;apos;Mac OS X&amp;apos;, os.arch: &amp;apos;x86_64&amp;apos;, os.version: &amp;apos;11.6.5&amp;apos;, java.version: &amp;apos;18.0.1.1&amp;apos;
Driver info: org.openqa.selenium.chrome.ChromeDriver
Capabilities {acceptInsecureCerts: false, browserName: chrome, browserVersion: 103.0.5060.134, chrome: {chromedriverVersion: 103.0.5060.134 (8ec6fce403b..., userDataDir: /var/folders/ny/lp_y0mh13hl...}, goog:chromeOptions: {debuggerAddress: localhost:51742}, javascriptEnabled: true, networkConnectionEnabled: false, pageLoadStrategy: normal, platform: MAC, platformName: MAC, proxy: Proxy(), setWindowRect: true, strictFileInteractability: false, timeouts: {implicit: 0, pageLoad: 300000, script: 30000}, unhandledPromptBehavior: dismiss and notify, webauthn:extension:credBlob: true, webauthn:extension:largeBlob: true, webauthn:virtualAuthenticators: true}
Session ID: 1893690676f1a9c2d7fa76eddc7a172a">
      <![CDATA[org.openqa.selenium.NoSuchWindowException: no such window: target window already closed
from unknown error: web view not found
  (Session info: chrome=103.0.5060.134)
Build info: version: '3.141.59', revision: 'e82be7d358', time: '2018-11-14T08:17:03'
System info: host: 'Krishnanunnis-MacBook-Pro.local', ip: '2405:201:f008:a09e:5960:c554:aab8:7889%en0', os.name: 'Mac OS X', os.arch: 'x86_64', os.version: '11.6.5', java.version: '18.0.1.1'
Driver info: org.openqa.selenium.chrome.ChromeDriver
Capabilities {acceptInsecureCerts: false, browserName: chrome, browserVersion: 103.0.5060.134, chrome: {chromedriverVersion: 103.0.5060.134 (8ec6fce403b..., userDataDir: /var/folders/ny/lp_y0mh13hl...}, goog:chromeOptions: {debuggerAddress: localhost:51742}, javascriptEnabled: true, networkConnectionEnabled: false, pageLoadStrategy: normal, platform: MAC, platformName: MAC, proxy: Proxy(), setWindowRect: true, strictFileInteractability: false, timeouts: {implicit: 0, pageLoad: 300000, script: 30000}, unhandledPromptBehavior: dismiss and notify, webauthn:extension:credBlob: true, webauthn:extension:largeBlob: true, webauthn:virtualAuthenticators: true}
Session ID: 1893690676f1a9c2d7fa76eddc7a172a
at org.openqa.selenium.remote.http.W3CHttpResponseCodec.createException(W3CHttpResponseCodec.java:187)
at org.openqa.selenium.remote.http.W3CHttpResponseCodec.decode(W3CHttpResponseCodec.java:122)
at org.openqa.selenium.remote.http.W3CHttpResponseCodec.decode(W3CHttpResponseCodec.java:49)
at org.openqa.selenium.remote.HttpCommandExecutor.execute(HttpCommandExecutor.java:158)
at org.openqa.selenium.remote.service.DriverCommandExecutor.execute(DriverCommandExecutor.java:83)
at org.openqa.selenium.remote.RemoteWebDriver.execute(RemoteWebDriver.java:552)
at org.openqa.selenium.remote.RemoteWebDriver.execute(RemoteWebDriver.java:609)
at org.openqa.selenium.remote.RemoteWebDriver.getScreenshotAs(RemoteWebDriver.java:295)
at com.Qalegendproject.Scripts.TestBase.takeScreenShotOnFailure(TestBase.java:69)
at com.Qalegendproject.Scripts.TestBase.takeScreenShotOnFailure(TestBase.java:62)
at java.base/java.util.concurrent.ThreadPoolExecutor.runWorker(ThreadPoolExecutor.java:1136)
at java.base/java.util.concurrent.ThreadPoolExecutor$Worker.run(ThreadPoolExecutor.java:635)
at java.base/java.lang.Thread.run(Thread.java:833)
... Removed 18 stack frames]]>
    </failure>
  </testcase> <!-- @AfterMethod takeScreenShotOnFailure -->
  <testcase classname="com.Qalegendproject.Scripts.TestBase" name="@AfterMethod takeScreenShotOnFailure" time="0.004">
    <failure type="org.openqa.selenium.NoSuchWindowException" message="no such window: target window already closed
from unknown error: web view not found
  (Session info: chrome=103.0.5060.134)
Build info: version: &amp;apos;3.141.59&amp;apos;, revision: &amp;apos;e82be7d358&amp;apos;, time: &amp;apos;2018-11-14T08:17:03&amp;apos;
System info: host: &amp;apos;Krishnanunnis-MacBook-Pro.local&amp;apos;, ip: &amp;apos;2405:201:f008:a09e:5960:c554:aab8:7889%en0&amp;apos;, os.name: &amp;apos;Mac OS X&amp;apos;, os.arch: &amp;apos;x86_64&amp;apos;, os.version: &amp;apos;11.6.5&amp;apos;, java.version: &amp;apos;18.0.1.1&amp;apos;
Driver info: org.openqa.selenium.chrome.ChromeDriver
Capabilities {acceptInsecureCerts: false, browserName: chrome, browserVersion: 103.0.5060.134, chrome: {chromedriverVersion: 103.0.5060.134 (8ec6fce403b..., userDataDir: /var/folders/ny/lp_y0mh13hl...}, goog:chromeOptions: {debuggerAddress: localhost:51742}, javascriptEnabled: true, networkConnectionEnabled: false, pageLoadStrategy: normal, platform: MAC, platformName: MAC, proxy: Proxy(), setWindowRect: true, strictFileInteractability: false, timeouts: {implicit: 0, pageLoad: 300000, script: 30000}, unhandledPromptBehavior: dismiss and notify, webauthn:extension:credBlob: true, webauthn:extension:largeBlob: true, webauthn:virtualAuthenticators: true}
Session ID: 1893690676f1a9c2d7fa76eddc7a172a">
      <![CDATA[org.openqa.selenium.NoSuchWindowException: no such window: target window already closed
from unknown error: web view not found
  (Session info: chrome=103.0.5060.134)
Build info: version: '3.141.59', revision: 'e82be7d358', time: '2018-11-14T08:17:03'
System info: host: 'Krishnanunnis-MacBook-Pro.local', ip: '2405:201:f008:a09e:5960:c554:aab8:7889%en0', os.name: 'Mac OS X', os.arch: 'x86_64', os.version: '11.6.5', java.version: '18.0.1.1'
Driver info: org.openqa.selenium.chrome.ChromeDriver
Capabilities {acceptInsecureCerts: false, browserName: chrome, browserVersion: 103.0.5060.134, chrome: {chromedriverVersion: 103.0.5060.134 (8ec6fce403b..., userDataDir: /var/folders/ny/lp_y0mh13hl...}, goog:chromeOptions: {debuggerAddress: localhost:51742}, javascriptEnabled: true, networkConnectionEnabled: false, pageLoadStrategy: normal, platform: MAC, platformName: MAC, proxy: Proxy(), setWindowRect: true, strictFileInteractability: false, timeouts: {implicit: 0, pageLoad: 300000, script: 30000}, unhandledPromptBehavior: dismiss and notify, webauthn:extension:credBlob: true, webauthn:extension:largeBlob: true, webauthn:virtualAuthenticators: true}
Session ID: 1893690676f1a9c2d7fa76eddc7a172a
at org.openqa.selenium.remote.http.W3CHttpResponseCodec.createException(W3CHttpResponseCodec.java:187)
at org.openqa.selenium.remote.http.W3CHttpResponseCodec.decode(W3CHttpResponseCodec.java:122)
at org.openqa.selenium.remote.http.W3CHttpResponseCodec.decode(W3CHttpResponseCodec.java:49)
at org.openqa.selenium.remote.HttpCommandExecutor.execute(HttpCommandExecutor.java:158)
at org.openqa.selenium.remote.service.DriverCommandExecutor.execute(DriverCommandExecutor.java:83)
at org.openqa.selenium.remote.RemoteWebDriver.execute(RemoteWebDriver.java:552)
at org.openqa.selenium.remote.RemoteWebDriver.execute(RemoteWebDriver.java:609)
at org.openqa.selenium.remote.RemoteWebDriver.getScreenshotAs(RemoteWebDriver.java:295)
at com.Qalegendproject.Scripts.TestBase.takeScreenShotOnFailure(TestBase.java:69)
at com.Qalegendproject.Scripts.TestBase.takeScreenShotOnFailure(TestBase.java:62)
at java.base/java.util.concurrent.ThreadPoolExecutor.runWorker(ThreadPoolExecutor.java:1136)
at java.base/java.util.concurrent.ThreadPoolExecutor$Worker.run(ThreadPoolExecutor.java:635)
at java.base/java.lang.Thread.run(Thread.java:833)
... Removed 18 stack frames]]>
    </failure>
  </testcase> <!-- @AfterMethod takeScreenShotOnFailure -->
  <testcase classname="com.Qalegendproject.Scripts.TestBase" name="@AfterMethod takeScreenShotOnFailure" time="-1.658644465567E9">
    <skipped/>
  </testcase> <!-- @AfterMethod takeScreenShotOnFailure -->
  <testcase classname="com.Qalegendproject.Scripts.TestBase" name="@AfterMethod takeScreenShotOnFailure" time="-1.658644465573E9">
    <skipped/>
  </testcase> <!-- @AfterMethod takeScreenShotOnFailure -->
  <testcase classname="com.Qalegendproject.Scripts.TestBase" name="@AfterMethod takeScreenShotOnFailure" time="-1.658644465579E9">
    <skipped/>
  </testcase> <!-- @AfterMethod takeScreenShotOnFailure -->
  <testcase classname="com.Qalegendproject.Scripts.TestBase" name="@AfterMethod takeScreenShotOnFailure" time="-1.658644465584E9">
    <skipped/>
  </testcase> <!-- @AfterMethod takeScreenShotOnFailure -->
  <testcase classname="com.Qalegendproject.Scripts.TestBase" name="@AfterMethod takeScreenShotOnFailure" time="-1.658644465589E9">
    <skipped/>
  </testcase> <!-- @AfterMethod takeScreenShotOnFailure -->
  <testcase classname="com.Qalegendproject.Scripts.TestBase" name="@AfterMethod takeScreenShotOnFailure" time="-1.658644465594E9">
    <skipped/>
  </testcase> <!-- @AfterMethod takeScreenShotOnFailure -->
  <testcase classname="com.Qalegendproject.Scripts.TestBase" name="@AfterMethod takeScreenShotOnFailure" time="-1.658644465598E9">
    <skipped/>
  </testcase> <!-- @AfterMethod takeScreenShotOnFailure -->
  <testcase classname="com.Qalegendproject.Scripts.TestBase" name="@AfterMethod takeScreenShotOnFailure" time="-1.658644465602E9">
    <skipped/>
  </testcase> <!-- @AfterMethod takeScreenShotOnFailure -->
  <testcase classname="com.Qalegendproject.Scripts.TestBase" name="@AfterMethod takeScreenShotOnFailure" time="-1.658644465604E9">
    <skipped/>
  </testcase> <!-- @AfterMethod takeScreenShotOnFailure -->
  <testcase classname="com.Qalegendproject.Scripts.TestBase" name="@AfterMethod takeScreenShotOnFailure" time="-1.658644465612E9">
    <skipped/>
  </testcase> <!-- @AfterMethod takeScreenShotOnFailure -->
  <testcase classname="com.Qalegendproject.Scripts.TestBase" name="@AfterMethod takeScreenShotOnFailure" time="-1.658644465617E9">
    <skipped/>
  </testcase> <!-- @AfterMethod takeScreenShotOnFailure -->
  <testcase classname="com.Qalegendproject.Scripts.TestBase" name="@AfterMethod takeScreenShotOnFailure" time="-1.658644465622E9">
    <skipped/>
  </testcase> <!-- @AfterMethod takeScreenShotOnFailure -->
  <testcase classname="com.Qalegendproject.Scripts.TestBase" name="@AfterMethod takeScreenShotOnFailure" time="-1.658644465628E9">
    <skipped/>
  </testcase> <!-- @AfterMethod takeScreenShotOnFailure -->
  <testcase classname="com.Qalegendproject.Scripts.TestBase" name="@AfterMethod takeScreenShotOnFailure" time="-1.658644465631E9">
    <skipped/>
  </testcase> <!-- @AfterMethod takeScreenShotOnFailure -->
  <testcase classname="com.Qalegendproject.Scripts.TestBase" name="@AfterMethod takeScreenShotOnFailure" time="-1.658644465636E9">
    <skipped/>
  </testcase> <!-- @AfterMethod takeScreenShotOnFailure -->
  <testcase classname="com.Qalegendproject.Scripts.TestBase" name="@AfterMethod takeScreenShotOnFailure" time="-1.658644465648E9">
    <skipped/>
  </testcase> <!-- @AfterMethod takeScreenShotOnFailure -->
  <testcase classname="com.Qalegendproject.Scripts.TestBase" name="@AfterMethod takeScreenShotOnFailure" time="-1.65864446569E9">
    <skipped/>
  </testcase> <!-- @AfterMethod takeScreenShotOnFailure -->
  <testcase classname="com.Qalegendproject.Scripts.TestProduct" name="verifyProductPage" time="9.495">
    <failure type="org.openqa.selenium.NoSuchElementException" message="Cannot locate an element using xpath=//button[@class=&amp;apos;navbar-toggle collapsed&amp;apos;]
For documentation on this error, please visit: https://www.seleniumhq.org/exceptions/no_such_element.html
Build info: version: &amp;apos;3.141.59&amp;apos;, revision: &amp;apos;e82be7d358&amp;apos;, time: &amp;apos;2018-11-14T08:17:03&amp;apos;
System info: host: &amp;apos;Krishnanunnis-MacBook-Pro.local&amp;apos;, ip: &amp;apos;2405:201:f008:a09e:5960:c554:aab8:7889%en0&amp;apos;, os.name: &amp;apos;Mac OS X&amp;apos;, os.arch: &amp;apos;x86_64&amp;apos;, os.version: &amp;apos;11.6.5&amp;apos;, java.version: &amp;apos;18.0.1.1&amp;apos;
Driver info: driver.version: RemoteWebDriver">
      <![CDATA[org.openqa.selenium.NoSuchElementException: Cannot locate an element using xpath=//button[@class='navbar-toggle collapsed']
For documentation on this error, please visit: https://www.seleniumhq.org/exceptions/no_such_element.html
Build info: version: '3.141.59', revision: 'e82be7d358', time: '2018-11-14T08:17:03'
System info: host: 'Krishnanunnis-MacBook-Pro.local', ip: '2405:201:f008:a09e:5960:c554:aab8:7889%en0', os.name: 'Mac OS X', os.arch: 'x86_64', os.version: '11.6.5', java.version: '18.0.1.1'
Driver info: driver.version: RemoteWebDriver
at org.openqa.selenium.remote.RemoteWebDriver.findElement(RemoteWebDriver.java:327)
at org.openqa.selenium.remote.RemoteWebDriver.findElementByXPath(RemoteWebDriver.java:428)
at org.openqa.selenium.By$ByXPath.findElement(By.java:353)
at org.openqa.selenium.remote.RemoteWebDriver.findElement(RemoteWebDriver.java:315)
at org.openqa.selenium.support.pagefactory.DefaultElementLocator.findElement(DefaultElementLocator.java:69)
at org.openqa.selenium.support.pagefactory.internal.LocatingElementHandler.invoke(LocatingElementHandler.java:38)
at jdk.proxy2/jdk.proxy2.$Proxy16.click(Unknown Source)
at com.Qalegendproject.Pages.ProductPage.pptoggle(ProductPage.java:117)
at com.Qalegendproject.Scripts.TestProduct.verifyProductPage(TestProduct.java:29)
at java.base/java.util.concurrent.ThreadPoolExecutor.runWorker(ThreadPoolExecutor.java:1136)
at java.base/java.util.concurrent.ThreadPoolExecutor$Worker.run(ThreadPoolExecutor.java:635)
at java.base/java.lang.Thread.run(Thread.java:833)
... Removed 10 stack frames]]>
    </failure>
  </testcase> <!-- verifyProductPage -->
  <testcase classname="com.Qalegendproject.Scripts.TestClas" name="verifyLoginValidUserInvalidPass" time="9.043">
    <failure type="org.openqa.selenium.NoSuchWindowException" message="no such window: target window already closed
from unknown error: web view not found
  (Session info: chrome=103.0.5060.134)
Build info: version: &amp;apos;3.141.59&amp;apos;, revision: &amp;apos;e82be7d358&amp;apos;, time: &amp;apos;2018-11-14T08:17:03&amp;apos;
System info: host: &amp;apos;Krishnanunnis-MacBook-Pro.local&amp;apos;, ip: &amp;apos;2405:201:f008:a09e:5960:c554:aab8:7889%en0&amp;apos;, os.name: &amp;apos;Mac OS X&amp;apos;, os.arch: &amp;apos;x86_64&amp;apos;, os.version: &amp;apos;11.6.5&amp;apos;, java.version: &amp;apos;18.0.1.1&amp;apos;
Driver info: org.openqa.selenium.chrome.ChromeDriver
Capabilities {acceptInsecureCerts: false, browserName: chrome, browserVersion: 103.0.5060.134, chrome: {chromedriverVersion: 103.0.5060.134 (8ec6fce403b..., userDataDir: /var/folders/ny/lp_y0mh13hl...}, goog:chromeOptions: {debuggerAddress: localhost:51742}, javascriptEnabled: true, networkConnectionEnabled: false, pageLoadStrategy: normal, platform: MAC, platformName: MAC, proxy: Proxy(), setWindowRect: true, strictFileInteractability: false, timeouts: {implicit: 0, pageLoad: 300000, script: 30000}, unhandledPromptBehavior: dismiss and notify, webauthn:extension:credBlob: true, webauthn:extension:largeBlob: true, webauthn:virtualAuthenticators: true}
Session ID: 1893690676f1a9c2d7fa76eddc7a172a
*** Element info: {Using=xpath, value=//input[@name =&amp;apos;username&amp;apos;]}">
      <![CDATA[org.openqa.selenium.NoSuchWindowException: no such window: target window already closed
from unknown error: web view not found
  (Session info: chrome=103.0.5060.134)
Build info: version: '3.141.59', revision: 'e82be7d358', time: '2018-11-14T08:17:03'
System info: host: 'Krishnanunnis-MacBook-Pro.local', ip: '2405:201:f008:a09e:5960:c554:aab8:7889%en0', os.name: 'Mac OS X', os.arch: 'x86_64', os.version: '11.6.5', java.version: '18.0.1.1'
Driver info: org.openqa.selenium.chrome.ChromeDriver
Capabilities {acceptInsecureCerts: false, browserName: chrome, browserVersion: 103.0.5060.134, chrome: {chromedriverVersion: 103.0.5060.134 (8ec6fce403b..., userDataDir: /var/folders/ny/lp_y0mh13hl...}, goog:chromeOptions: {debuggerAddress: localhost:51742}, javascriptEnabled: true, networkConnectionEnabled: false, pageLoadStrategy: normal, platform: MAC, platformName: MAC, proxy: Proxy(), setWindowRect: true, strictFileInteractability: false, timeouts: {implicit: 0, pageLoad: 300000, script: 30000}, unhandledPromptBehavior: dismiss and notify, webauthn:extension:credBlob: true, webauthn:extension:largeBlob: true, webauthn:virtualAuthenticators: true}
Session ID: 1893690676f1a9c2d7fa76eddc7a172a
*** Element info: {Using=xpath, value=//input[@name ='username']}
at org.openqa.selenium.remote.http.W3CHttpResponseCodec.createException(W3CHttpResponseCodec.java:187)
at org.openqa.selenium.remote.http.W3CHttpResponseCodec.decode(W3CHttpResponseCodec.java:122)
at org.openqa.selenium.remote.http.W3CHttpResponseCodec.decode(W3CHttpResponseCodec.java:49)
at org.openqa.selenium.remote.HttpCommandExecutor.execute(HttpCommandExecutor.java:158)
at org.openqa.selenium.remote.service.DriverCommandExecutor.execute(DriverCommandExecutor.java:83)
at org.openqa.selenium.remote.RemoteWebDriver.execute(RemoteWebDriver.java:552)
at org.openqa.selenium.remote.RemoteWebDriver.findElement(RemoteWebDriver.java:323)
at org.openqa.selenium.remote.RemoteWebDriver.findElementByXPath(RemoteWebDriver.java:428)
at org.openqa.selenium.By$ByXPath.findElement(By.java:353)
at org.openqa.selenium.remote.RemoteWebDriver.findElement(RemoteWebDriver.java:315)
at org.openqa.selenium.support.pagefactory.DefaultElementLocator.findElement(DefaultElementLocator.java:69)
at org.openqa.selenium.support.pagefactory.internal.LocatingElementHandler.invoke(LocatingElementHandler.java:38)
at jdk.proxy2/jdk.proxy2.$Proxy16.sendKeys(Unknown Source)
at com.Qalegendproject.Pages.LoginPage.setUserName(LoginPage.java:36)
at com.Qalegendproject.Scripts.TestClas.verifyLoginValidUserInvalidPass(TestClas.java:30)
at java.base/java.util.concurrent.ThreadPoolExecutor.runWorker(ThreadPoolExecutor.java:1136)
at java.base/java.util.concurrent.ThreadPoolExecutor$Worker.run(ThreadPoolExecutor.java:635)
at java.base/java.lang.Thread.run(Thread.java:833)
... Removed 13 stack frames]]>
    </failure>
  </testcase> <!-- verifyLoginValidUserInvalidPass -->
  <testcase classname="com.Qalegendproject.Scripts.TestProduct" name="verifyAddproduct" time="0.0">
    <skipped/>
  </testcase> <!-- verifyAddproduct -->
  <testcase classname="com.Qalegendproject.Scripts.TestProduct" name="verifyAddproductfields" time="0.001">
    <skipped/>
  </testcase> <!-- verifyAddproductfields -->
  <testcase classname="com.Qalegendproject.Scripts.TestProduct" name="verifyproductdwnlod" time="0.0">
    <skipped/>
  </testcase> <!-- verifyproductdwnlod -->
  <testcase classname="com.Qalegendproject.Scripts.TestProduct" name="verifyproductsearch" time="0.0">
    <skipped/>
  </testcase> <!-- verifyproductsearch -->
  <testcase classname="com.Qalegendproject.Scripts.TestProduct" name="verifyproductview" time="0.0">
    <skipped/>
  </testcase> <!-- verifyproductview -->
  <testcase classname="com.Qalegendproject.Scripts.TestProduct" name="verifyproductbarcode" time="0.0">
    <skipped/>
  </testcase> <!-- verifyproductbarcode -->
  <testcase classname="com.Qalegendproject.Scripts.TestProduct" name="verifyproductedit" time="0.0">
    <skipped/>
  </testcase> <!-- verifyproductedit -->
  <testcase classname="com.Qalegendproject.Scripts.TestClas" name="verifyLoginInvalidUserValidPass" time="0.0">
    <skipped/>
  </testcase> <!-- verifyLoginInvalidUserValidPass -->
  <testcase classname="com.Qalegendproject.Scripts.TestProduct" name="verifyproductdel" time="0.0">
    <skipped/>
  </testcase> <!-- verifyproductdel -->
  <testcase classname="com.Qalegendproject.Scripts.TestProduct" name="verifyproductnext" time="0.0">
    <skipped/>
  </testcase> <!-- verifyproductnext -->
  <testcase classname="com.Qalegendproject.Scripts.TestProduct" name="verifyproductprevious" time="0.0">
    <skipped/>
  </testcase> <!-- verifyproductprevious -->
  <testcase classname="com.Qalegendproject.Scripts.TestProduct" name="verifyproductprint" time="0.0">
    <skipped/>
  </testcase> <!-- verifyproductprint -->
  <testcase classname="com.Qalegendproject.Scripts.TestProduct" name="verifyproductprintclose" time="0.0">
    <skipped/>
  </testcase> <!-- verifyproductprintclose -->
  <testcase classname="com.Qalegendproject.Scripts.TestProduct" name="verifyproductupload" time="0.0">
    <skipped/>
  </testcase> <!-- verifyproductupload -->
  <testcase classname="com.Qalegendproject.Scripts.TestProduct" name="verifyproductuploadclose" time="0.0">
    <skipped/>
  </testcase> <!-- verifyproductuploadclose -->
  <testcase classname="com.Qalegendproject.Scripts.TestClas" name="verifyLoginInvaliduserInvalidPass" time="0.0">
    <skipped/>
  </testcase> <!-- verifyLoginInvaliduserInvalidPass -->
  <testcase classname="com.Qalegendproject.Scripts.TestClas" name="verifyLoginValidUserValidPass" time="0.0">
    <skipped/>
  </testcase> <!-- verifyLoginValidUserValidPass -->
  <testcase classname="com.Qalegendproject.Scripts.TestBase" name="@BeforeTest beforeTest" time="0.0">
    <ignored/>
  </testcase> <!-- @BeforeTest beforeTest -->
  <testcase classname="com.Qalegendproject.Scripts.TestBase" name="@AfterTest afterTest" time="0.0">
    <ignored/>
  </testcase> <!-- @AfterTest afterTest -->
</testsuite> <!-- Test -->
